==================== 2026-04-06T12:45:44.160085Z | 687e6c11-c68c-4b9c-af65-d392a382d1c4 ====================
12:45:44.160114 [info ]: Starting dbt LSP server
12:45:44.160125 [info ]: Connecting to LSP client on port 45073
12:45:44.160259 [info ]: Successfully connected to LSP client
12:45:44.160267 [info ]: Creating LSP service...
12:45:44.214142 [info ]: Creating LSP server...
12:45:44.214161 [info ]: Starting LSP server...
12:45:44.673894 [info ]: Started loading project
12:45:44.673978 [info ]: Finished loading project [  0.00s]
12:46:22.577674 [info ]: Loading profiles.yml
12:46:22.950696 [info ]: Started loading project
12:46:22.950982 [info ]: Loading profiles.yml
12:46:22.957301 [debug]:    Started loading packages
12:46:22.957921 [debug]:     Loaded [  0.00s] packages
12:46:22.958673 [info ]: Started parsing
12:46:22.984891 [info ]: Finished loading project [  0.03s]
12:46:22.985459 [debug]: Finished parsing models/example/schema.yml [  0.00s]
12:46:22.986804 [debug]: Finished parsing models/example/my_first_dbt_model.sql [  0.00s]
12:46:22.988521 [debug]: Finished parsing models/example/my_second_dbt_model.sql [  0.00s]
12:46:22.989394 [info ]: Finished parsing [  0.03s]
12:46:22.989532 [info ]: Cached model count updated: 2 models (estimate)
12:46:22.989544 [info ]: Cached model count updated: 2 models (accurate)
12:46:22.989588 [info ]: Started scheduling
12:46:22.989638 [info ]: Finished scheduling [  0.00s]
12:46:22.989649 [debug]: Compilation - 0 nodes selected: {}
12:46:22.989663 [warn ]: dbt1600: The selection criterion '' does not match any enabled nodes
12:46:22.989670 [warn ]: dbt1601: Nothing to do. Try checking your model configs and model specification args
12:46:22.989692 [info ]: Started scheduling
12:46:22.989725 [info ]: Finished scheduling [  0.00s]
12:46:23.104082 [info ]: Started building task graph
12:46:23.104142 [info ]: Finished building task graph [  0.00s]
12:46:23.107068 [info ]: Started scheduling
12:46:23.107114 [info ]: Finished scheduling [  0.00s]
12:46:23.107570 [info ]: Cached model count updated: 2 models (accurate)
12:46:25.474036 [info ]: Started loading project
12:46:25.474339 [info ]: Loading profiles.yml
12:46:25.477801 [info ]: Started parsing
12:46:25.497347 [info ]: Finished loading project [  0.02s]
12:46:25.499460 [info ]: Finished parsing [  0.02s]
12:46:25.500275 [info ]: Cached model count updated: 2 models (estimate)
12:46:25.500290 [info ]: Cached model count updated: 2 models (accurate)
12:46:25.500309 [info ]: Started scheduling
12:46:25.500339 [info ]: Finished scheduling [  0.00s]
12:46:25.500350 [debug]: Compilation - 0 nodes selected: {}
12:46:25.500363 [warn ]: dbt1600: The selection criterion '' does not match any enabled nodes
12:46:25.500371 [warn ]: dbt1601: Nothing to do. Try checking your model configs and model specification args
12:46:25.615846 [info ]: Started building task graph
12:46:25.615891 [info ]: Finished building task graph [  0.00s]
12:46:25.618781 [info ]: Started scheduling
12:46:25.618825 [info ]: Finished scheduling [  0.00s]
12:46:25.620551 [info ]: Cached model count updated: 2 models (accurate)
12:46:27.323953 [info ]: Started loading project
12:46:27.324244 [info ]: Loading profiles.yml
12:46:27.326759 [info ]: Started parsing
12:46:27.345934 [info ]: Finished loading project [  0.02s]
12:46:27.348158 [info ]: Finished parsing [  0.02s]
12:46:27.348979 [info ]: Cached model count updated: 2 models (estimate)
12:46:27.348995 [info ]: Cached model count updated: 2 models (accurate)
12:46:27.349011 [info ]: Started scheduling
12:46:27.349040 [info ]: Finished scheduling [  0.00s]
12:46:27.349052 [info ]: Started scheduling
12:46:27.349073 [info ]: Finished scheduling [  0.00s]
12:46:27.349082 [debug]: Compilation - 2 nodes selected: {"model.my_new_project.my_first_dbt_model", "model.my_new_project.my_second_dbt_model"}
12:46:27.462364 [info ]: Started building task graph
12:46:27.462446 [info ]: Finished building task graph [  0.00s]
12:46:27.462589 [info ]: Started rendering (2 nodes)
12:46:27.462615 [info ]: Started model efa_dataset.my_second_dbt_model
12:46:27.462634 [debug]: Started rendering model efa_dataset.my_second_dbt_model
12:46:27.462664 [info ]: Started model efa_dataset.my_first_dbt_model
12:46:27.462673 [debug]: Started rendering model efa_dataset.my_first_dbt_model
12:46:27.463395 [debug]: Compiled SQL for node model.my_new_project.my_first_dbt_model at target/.lsp/compiled/models/example/my_first_dbt_model.sql
12:46:27.463405 [debug]: Compiled SQL for node model.my_new_project.my_second_dbt_model at target/.lsp/compiled/models/example/my_second_dbt_model.sql
12:46:27.463481 [debug]: Finished rendering [  0.00s] model efa_dataset.my_first_dbt_model [success]
12:46:27.463512 [info ]: Started analyzing (2 nodes)
12:46:27.463524 [debug]: Started analyzing model efa_dataset.my_first_dbt_model
12:46:27.463549 [debug]: Finished rendering [  0.00s] model efa_dataset.my_second_dbt_model [success]
12:46:27.463557 [info ]: Finished rendering [  0.00s] (2 nodes, 0 skipped, 0 errors)
12:46:27.463566 [debug]: Started analyzing model efa_dataset.my_second_dbt_model
12:46:27.468235 [info ]:  Succeeded [  0.00s] model efa_dataset.my_first_dbt_model (table)
12:46:27.468264 [debug]: Finished analyzing [  0.00s] model efa_dataset.my_first_dbt_model [success]
12:46:27.468864 [info ]:  Succeeded [  0.01s] model efa_dataset.my_second_dbt_model (table)
12:46:27.468894 [debug]: Finished analyzing [  0.01s] model efa_dataset.my_second_dbt_model [success]
12:46:27.468906 [info ]: Finished analyzing [  0.01s] (2 nodes, 0 skipped, 0 errors)
12:46:27.471905 [info ]: Started scheduling
12:46:27.471954 [info ]: Finished scheduling [  0.00s]
12:46:27.474280 [info ]: Cached model count updated: 2 models (accurate)
12:47:58.544719 [info ]: Loading profiles.yml
12:47:58.984320 [info ]: Started loading project
12:47:58.984606 [info ]: Loading profiles.yml
12:47:58.987846 [info ]: Started parsing
12:47:59.007403 [info ]: Finished loading project [  0.02s]
12:47:59.009863 [info ]: Finished parsing [  0.02s]
12:47:59.010656 [info ]: Cached model count updated: 2 models (estimate)
12:47:59.010672 [info ]: Cached model count updated: 2 models (accurate)
12:47:59.010688 [info ]: Started scheduling
12:47:59.010718 [info ]: Finished scheduling [  0.00s]
12:47:59.010729 [debug]: Compilation - 0 nodes selected: {}
12:47:59.010743 [warn ]: dbt1600: The selection criterion '' does not match any enabled nodes
12:47:59.010752 [warn ]: dbt1601: Nothing to do. Try checking your model configs and model specification args
12:47:59.125179 [info ]: Started building task graph
12:47:59.125219 [info ]: Finished building task graph [  0.00s]
12:47:59.129962 [info ]: Cached model count updated: 2 models (accurate)
12:47:59.553945 [info ]: Loading profiles.yml
12:47:59.764048 [info ]: Started loading project
12:47:59.764362 [info ]: Loading profiles.yml
12:47:59.767413 [info ]: Started parsing
12:47:59.783347 [info ]: Finished loading project [  0.02s]
12:47:59.785519 [info ]: Finished parsing [  0.02s]
12:47:59.786430 [info ]: Cached model count updated: 2 models (estimate)
12:47:59.786446 [info ]: Cached model count updated: 2 models (accurate)
12:47:59.786466 [info ]: Started scheduling
12:47:59.786500 [info ]: Finished scheduling [  0.00s]
12:47:59.786513 [debug]: Compilation - 0 nodes selected: {}
12:47:59.786530 [warn ]: dbt1600: The selection criterion '' does not match any enabled nodes
12:47:59.786540 [warn ]: dbt1601: Nothing to do. Try checking your model configs and model specification args
12:47:59.898784 [info ]: Started building task graph
12:47:59.898832 [info ]: Finished building task graph [  0.00s]
12:47:59.901977 [info ]: Started scheduling
12:47:59.902028 [info ]: Finished scheduling [  0.00s]
12:47:59.904663 [info ]: Cached model count updated: 2 models (accurate)
12:48:01.311199 [info ]: Loading profiles.yml
12:48:01.534740 [info ]: Started loading project
12:48:01.535035 [info ]: Loading profiles.yml
12:48:01.538431 [info ]: Started parsing
12:48:01.555114 [info ]: Finished loading project [  0.02s]
12:48:01.557284 [info ]: Finished parsing [  0.02s]
12:48:01.558319 [info ]: Cached model count updated: 2 models (estimate)
12:48:01.558339 [info ]: Cached model count updated: 2 models (accurate)
12:48:01.558358 [info ]: Started scheduling
12:48:01.558396 [info ]: Finished scheduling [  0.00s]
12:48:01.558408 [debug]: Compilation - 0 nodes selected: {}
12:48:01.558424 [warn ]: dbt1600: The selection criterion '' does not match any enabled nodes
12:48:01.558432 [warn ]: dbt1601: Nothing to do. Try checking your model configs and model specification args
12:48:01.668774 [info ]: Started building task graph
12:48:01.668815 [info ]: Finished building task graph [  0.00s]
12:48:01.672199 [info ]: Started scheduling
12:48:01.672248 [info ]: Finished scheduling [  0.00s]
12:48:01.675547 [info ]: Cached model count updated: 2 models (accurate)
12:48:03.413862 [info ]: Started loading project
12:48:03.414147 [info ]: Loading profiles.yml
12:48:03.417467 [info ]: Started parsing
12:48:03.438427 [info ]: Finished loading project [  0.02s]
12:48:03.440577 [info ]: Finished parsing [  0.02s]
12:48:03.441388 [info ]: Cached model count updated: 2 models (estimate)
12:48:03.441404 [info ]: Cached model count updated: 2 models (accurate)
12:48:03.441419 [info ]: Started scheduling
12:48:03.441451 [info ]: Finished scheduling [  0.00s]
12:48:03.441463 [info ]: Started scheduling
12:48:03.441474 [info ]: Finished scheduling [  0.00s]
12:48:03.441481 [debug]: Compilation - 0 nodes selected: {}
12:48:03.441492 [warn ]: dbt1601: Nothing to do. Try checking your model configs and model specification args
12:48:03.553609 [info ]: Started building task graph
12:48:03.553650 [info ]: Finished building task graph [  0.00s]
12:48:03.556628 [info ]: Started scheduling
12:48:03.556676 [info ]: Finished scheduling [  0.00s]
12:48:03.559935 [info ]: Cached model count updated: 2 models (accurate)
12:50:03.564243 [info ]: Loading profiles.yml
12:50:04.134048 [info ]: Cached model count updated: 2 models (accurate)
12:50:04.644338 [info ]: Loading profiles.yml
12:50:04.844101 [info ]: Started loading project
12:50:04.844367 [info ]: Loading profiles.yml
12:50:04.848150 [info ]: Started parsing
12:50:04.866547 [info ]: Finished loading project [  0.02s]
12:50:04.869070 [info ]: Finished parsing [  0.02s]
12:50:04.870208 [info ]: Cached model count updated: 2 models (estimate)
12:50:04.870223 [info ]: Cached model count updated: 2 models (accurate)
12:50:04.870240 [info ]: Started scheduling
12:50:04.870270 [info ]: Finished scheduling [  0.00s]
12:50:04.870281 [debug]: Compilation - 0 nodes selected: {}
12:50:04.870296 [warn ]: dbt1600: The selection criterion '' does not match any enabled nodes
12:50:04.870304 [warn ]: dbt1601: Nothing to do. Try checking your model configs and model specification args
12:50:04.989794 [info ]: Started building task graph
12:50:04.989836 [info ]: Finished building task graph [  0.00s]
12:50:04.993281 [info ]: Started scheduling
12:50:04.993362 [info ]: Finished scheduling [  0.00s]
12:50:04.996060 [info ]: Cached model count updated: 2 models (accurate)
12:50:06.734404 [info ]: Started loading project
12:50:06.734485 [info ]: Finished loading project [  0.00s]
12:50:06.734664 [info ]: Cached model count updated: 2 models (accurate)
==================== 2026-04-06T12:54:07.580068Z | ed195818-1a29-4a7b-b0cd-291a552e8381 ====================
12:54:07.580100 [info ]: Starting dbt LSP server
12:54:07.580115 [info ]: Connecting to LSP client on port 47859
12:54:07.580263 [info ]: Successfully connected to LSP client
12:54:07.580271 [info ]: Creating LSP service...
12:54:07.636156 [info ]: Creating LSP server...
12:54:07.636186 [info ]: Starting LSP server...
12:54:08.134410 [info ]: Started loading project
12:54:08.134518 [info ]: Finished loading project [  0.00s]
==================== 2026-04-06T12:54:29.519786Z | a69407b8-b9b2-4443-bd80-009bc090c519 ====================
12:54:29.519816 [info ]: Starting dbt LSP server
12:54:29.519835 [info ]: Connecting to LSP client on port 40887
12:54:29.519988 [info ]: Successfully connected to LSP client
12:54:29.519996 [info ]: Creating LSP service...
12:54:29.575993 [info ]: Creating LSP server...
12:54:29.576023 [info ]: Starting LSP server...
12:54:30.114333 [info ]: Started loading project
12:54:30.114442 [info ]: Finished loading project [  0.00s]
